  Transform.cpp
C:\Users\우수컴\source\repos\hyunwoos-RenderEngine\hyunwoos-RenderEngine\hyunwoos-RenderEngine\MathModule\Vector.h(236,19): warning C4244: 'argument': conversion from 'float' to 'const int', possible loss of data
  (compiling source file 'EngineModule/Transform.cpp')
  
C:\Users\우수컴\source\repos\hyunwoos-RenderEngine\hyunwoos-RenderEngine\hyunwoos-RenderEngine\MathModule\Vector.h(207,34): warning C4244: 'initializing': conversion from 'int' to 'float', possible loss of data
  (compiling source file 'EngineModule/Transform.cpp')
  
C:\Users\우수컴\source\repos\hyunwoos-RenderEngine\hyunwoos-RenderEngine\hyunwoos-RenderEngine\MathModule\Vector.h(207,20): warning C4244: 'initializing': conversion from 'int' to 'const float', possible loss of data
  (compiling source file 'EngineModule/Transform.cpp')
  
C:\Users\우수컴\source\repos\hyunwoos-RenderEngine\hyunwoos-RenderEngine\hyunwoos-RenderEngine\MathModule\Vector.h(210,8): warning C4244: '/=': conversion from 'const float' to 'int', possible loss of data
  (compiling source file 'EngineModule/Transform.cpp')
  
C:\Users\우수컴\source\repos\hyunwoos-RenderEngine\hyunwoos-RenderEngine\hyunwoos-RenderEngine\MathModule\Vector.h(211,8): warning C4244: '/=': conversion from 'const float' to 'int', possible loss of data
  (compiling source file 'EngineModule/Transform.cpp')
  
C:\Users\우수컴\source\repos\hyunwoos-RenderEngine\hyunwoos-RenderEngine\hyunwoos-RenderEngine\MathModule\Vector.h(558,19): warning C4244: 'argument': conversion from 'float' to 'const int', possible loss of data
  (compiling source file 'EngineModule/Transform.cpp')
  
C:\Users\우수컴\source\repos\hyunwoos-RenderEngine\hyunwoos-RenderEngine\hyunwoos-RenderEngine\MathModule\Vector.h(804,84): warning C4244: 'initializing': conversion from 'float' to 'int', possible loss of data
  (compiling source file 'EngineModule/Transform.cpp')
  
C:\Users\우수컴\source\repos\hyunwoos-RenderEngine\hyunwoos-RenderEngine\hyunwoos-RenderEngine\MathModule\Vector.h(804,90): warning C4244: 'initializing': conversion from 'float' to 'int', possible loss of data
  (compiling source file 'EngineModule/Transform.cpp')
  
C:\Users\우수컴\source\repos\hyunwoos-RenderEngine\hyunwoos-RenderEngine\hyunwoos-RenderEngine\MathModule\Vector.h(805,88): warning C4244: 'initializing': conversion from 'float' to 'int', possible loss of data
  (compiling source file 'EngineModule/Transform.cpp')
  
C:\Users\우수컴\source\repos\hyunwoos-RenderEngine\hyunwoos-RenderEngine\hyunwoos-RenderEngine\MathModule\Vector.h(872,19): warning C4244: 'argument': conversion from 'float' to 'const int', possible loss of data
  (compiling source file 'EngineModule/Transform.cpp')
  
C:\Users\우수컴\source\repos\hyunwoos-RenderEngine\hyunwoos-RenderEngine\hyunwoos-RenderEngine\MathModule\Math.h(7,8): warning C4099: 'hyunwoo::Vector2': type name first seen using 'struct' now seen using 'class'
  (compiling source file 'EngineModule/Transform.cpp')
      C:\Users\우수컴\source\repos\hyunwoos-RenderEngine\hyunwoos-RenderEngine\hyunwoos-RenderEngine\MathModule\Vector.h(22,17):
      see declaration of 'hyunwoo::Vector2'
  
C:\Users\우수컴\source\repos\hyunwoos-RenderEngine\hyunwoos-RenderEngine\hyunwoos-RenderEngine\MathModule\Math.h(75,14): warning C4244: 'return': conversion from 'double' to 'const int', possible loss of data
  (compiling source file 'EngineModule/Transform.cpp')
  
C:\Users\우수컴\source\repos\hyunwoos-RenderEngine\hyunwoos-RenderEngine\hyunwoos-RenderEngine\MathModule\Math.h(91,15): warning C4244: 'return': conversion from 'double' to 'const int', possible loss of data
  (compiling source file 'EngineModule/Transform.cpp')
  
C:\Users\우수컴\source\repos\hyunwoos-RenderEngine\hyunwoos-RenderEngine\hyunwoos-RenderEngine\MathModule\Math.h(95,16): warning C4244: 'return': conversion from 'float' to 'const int', possible loss of data
  (compiling source file 'EngineModule/Transform.cpp')
  
C:\Users\우수컴\source\repos\hyunwoos-RenderEngine\hyunwoos-RenderEngine\hyunwoos-RenderEngine\EngineModule\UniqueableObject.h(129,53): warning C4267: '=': conversion from 'size_t' to 'uint32_t', possible loss of data
  (compiling source file 'EngineModule/Transform.cpp')
  
C:\Users\우수컴\source\repos\hyunwoos-RenderEngine\hyunwoos-RenderEngine\hyunwoos-RenderEngine\EngineModule\UniqueableObject.h(245,16): warning C4099: 'hyunwoo::WeakPtr': type name first seen using 'struct' now seen using 'class'
  (compiling source file 'EngineModule/Transform.cpp')
      C:\Users\우수컴\source\repos\hyunwoos-RenderEngine\hyunwoos-RenderEngine\hyunwoos-RenderEngine\EngineModule\UniqueableObject.h(10,9):
      see declaration of 'hyunwoo::WeakPtr'
  
  hyunwoos-RenderEngine.vcxproj -> C:\Users\우수컴\source\repos\hyunwoos-RenderEngine\hyunwoos-RenderEngine\x64\Debug\hyunwoos-RenderEngine.exe
