  CCD_IKSolver.cpp
C:\Users\우수컴\source\repos\hyunwoos-RenderEngine\hyunwoos-RenderEngine\hyunwoos-RenderEngine\MathModule\Vector.h(243,19): warning C4244: 'argument': conversion from 'float' to 'const int', possible loss of data
  (compiling source file 'AnimationModule/IK/CCD_IKSolver.cpp')
  
C:\Users\우수컴\source\repos\hyunwoos-RenderEngine\hyunwoos-RenderEngine\hyunwoos-RenderEngine\MathModule\Vector.h(210,34): warning C4244: 'initializing': conversion from 'int' to 'float', possible loss of data
  (compiling source file 'AnimationModule/IK/CCD_IKSolver.cpp')
  
C:\Users\우수컴\source\repos\hyunwoos-RenderEngine\hyunwoos-RenderEngine\hyunwoos-RenderEngine\MathModule\Vector.h(210,20): warning C4244: 'initializing': conversion from 'int' to 'const float', possible loss of data
  (compiling source file 'AnimationModule/IK/CCD_IKSolver.cpp')
  
C:\Users\우수컴\source\repos\hyunwoos-RenderEngine\hyunwoos-RenderEngine\hyunwoos-RenderEngine\MathModule\Vector.h(217,8): warning C4244: '/=': conversion from 'const float' to 'int', possible loss of data
  (compiling source file 'AnimationModule/IK/CCD_IKSolver.cpp')
  
C:\Users\우수컴\source\repos\hyunwoos-RenderEngine\hyunwoos-RenderEngine\hyunwoos-RenderEngine\MathModule\Vector.h(218,8): warning C4244: '/=': conversion from 'const float' to 'int', possible loss of data
  (compiling source file 'AnimationModule/IK/CCD_IKSolver.cpp')
  
C:\Users\우수컴\source\repos\hyunwoos-RenderEngine\hyunwoos-RenderEngine\hyunwoos-RenderEngine\MathModule\Vector.h(572,19): warning C4244: 'argument': conversion from 'float' to 'const int', possible loss of data
  (compiling source file 'AnimationModule/IK/CCD_IKSolver.cpp')
  
C:\Users\우수컴\source\repos\hyunwoos-RenderEngine\hyunwoos-RenderEngine\hyunwoos-RenderEngine\MathModule\Vector.h(821,84): warning C4244: 'initializing': conversion from 'float' to 'int', possible loss of data
  (compiling source file 'AnimationModule/IK/CCD_IKSolver.cpp')
  
C:\Users\우수컴\source\repos\hyunwoos-RenderEngine\hyunwoos-RenderEngine\hyunwoos-RenderEngine\MathModule\Vector.h(821,90): warning C4244: 'initializing': conversion from 'float' to 'int', possible loss of data
  (compiling source file 'AnimationModule/IK/CCD_IKSolver.cpp')
  
C:\Users\우수컴\source\repos\hyunwoos-RenderEngine\hyunwoos-RenderEngine\hyunwoos-RenderEngine\MathModule\Vector.h(822,88): warning C4244: 'initializing': conversion from 'float' to 'int', possible loss of data
  (compiling source file 'AnimationModule/IK/CCD_IKSolver.cpp')
  
C:\Users\우수컴\source\repos\hyunwoos-RenderEngine\hyunwoos-RenderEngine\hyunwoos-RenderEngine\MathModule\Vector.h(893,19): warning C4244: 'argument': conversion from 'float' to 'const int', possible loss of data
  (compiling source file 'AnimationModule/IK/CCD_IKSolver.cpp')
  
C:\Users\우수컴\source\repos\hyunwoos-RenderEngine\hyunwoos-RenderEngine\hyunwoos-RenderEngine\MathModule\Math.h(7,8): warning C4099: 'hyunwoo::Vector2': type name first seen using 'struct' now seen using 'class'
  (compiling source file 'AnimationModule/IK/CCD_IKSolver.cpp')
      C:\Users\우수컴\source\repos\hyunwoos-RenderEngine\hyunwoos-RenderEngine\hyunwoos-RenderEngine\MathModule\Vector.h(22,17):
      see declaration of 'hyunwoo::Vector2'
  
C:\Users\우수컴\source\repos\hyunwoos-RenderEngine\hyunwoos-RenderEngine\hyunwoos-RenderEngine\MathModule\Math.h(75,14): warning C4244: 'return': conversion from 'double' to 'const int', possible loss of data
  (compiling source file 'AnimationModule/IK/CCD_IKSolver.cpp')
  
C:\Users\우수컴\source\repos\hyunwoos-RenderEngine\hyunwoos-RenderEngine\hyunwoos-RenderEngine\MathModule\Math.h(91,15): warning C4244: 'return': conversion from 'double' to 'const int', possible loss of data
  (compiling source file 'AnimationModule/IK/CCD_IKSolver.cpp')
  
C:\Users\우수컴\source\repos\hyunwoos-RenderEngine\hyunwoos-RenderEngine\hyunwoos-RenderEngine\MathModule\Math.h(95,16): warning C4244: 'return': conversion from 'float' to 'const int', possible loss of data
  (compiling source file 'AnimationModule/IK/CCD_IKSolver.cpp')
  
C:\Users\우수컴\source\repos\hyunwoos-RenderEngine\hyunwoos-RenderEngine\hyunwoos-RenderEngine\MathModule\Math.h(99,28): warning C4244: 'return': conversion from 'const int' to 'const float', possible loss of data
  (compiling source file 'AnimationModule/IK/CCD_IKSolver.cpp')
  
C:\Users\우수컴\source\repos\hyunwoos-RenderEngine\hyunwoos-RenderEngine\hyunwoos-RenderEngine\MathModule\Math.h(100,28): warning C4244: 'return': conversion from 'const int' to 'const float', possible loss of data
  (compiling source file 'AnimationModule/IK/CCD_IKSolver.cpp')
  
C:\Users\우수컴\source\repos\hyunwoos-RenderEngine\hyunwoos-RenderEngine\hyunwoos-RenderEngine\MathModule\Math.h(101,10): warning C4244: 'return': conversion from 'const int' to 'const float', possible loss of data
  (compiling source file 'AnimationModule/IK/CCD_IKSolver.cpp')
  
C:\Users\우수컴\source\repos\hyunwoos-RenderEngine\hyunwoos-RenderEngine\hyunwoos-RenderEngine\EngineModule\UniqueableObject.h(147,35): warning C4267: '=': conversion from 'size_t' to 'uint32_t', possible loss of data
  (compiling source file 'AnimationModule/IK/CCD_IKSolver.cpp')
  
C:\Users\우수컴\source\repos\hyunwoos-RenderEngine\hyunwoos-RenderEngine\hyunwoos-RenderEngine\EngineModule\UniqueableObject.h(269,16): warning C4099: 'hyunwoo::WeakPtr': type name first seen using 'struct' now seen using 'class'
  (compiling source file 'AnimationModule/IK/CCD_IKSolver.cpp')
      C:\Users\우수컴\source\repos\hyunwoos-RenderEngine\hyunwoos-RenderEngine\hyunwoos-RenderEngine\EngineModule\UniqueableObject.h(9,30):
      see declaration of 'hyunwoo::WeakPtr'
  
C:\Users\우수컴\source\repos\hyunwoos-RenderEngine\hyunwoos-RenderEngine\hyunwoos-RenderEngine\EngineModule\UniqueableObject.h(396,16): warning C4099: 'hyunwoo::CachedWeakPtr': type name first seen using 'struct' now seen using 'class'
  (compiling source file 'AnimationModule/IK/CCD_IKSolver.cpp')
      C:\Users\우수컴\source\repos\hyunwoos-RenderEngine\hyunwoos-RenderEngine\hyunwoos-RenderEngine\EngineModule\UniqueableObject.h(10,30):
      see declaration of 'hyunwoo::CachedWeakPtr'
  
C:\Users\우수컴\source\repos\hyunwoos-RenderEngine\hyunwoos-RenderEngine\hyunwoos-RenderEngine\UtilityModule\StringKey.h(17,20): warning C4099: 'std::hash<hyunwoo::WStringKey>': type name first seen using 'struct' now seen using 'class'
  (compiling source file 'AnimationModule/IK/CCD_IKSolver.cpp')
      C:\Program Files\Microsoft Visual Studio\2022\Community\VC\Tools\MSVC\14.44.35207\include\type_traits(2320,8):
      see declaration of 'std::hash<hyunwoo::WStringKey>'
  
C:\Users\우수컴\source\repos\hyunwoos-RenderEngine\hyunwoos-RenderEngine\hyunwoos-RenderEngine\MathModule\Color.h(177,61): warning C4244: 'initializing': conversion from 'DWORD' to 'float', possible loss of data
  (compiling source file 'AnimationModule/IK/CCD_IKSolver.cpp')
  
C:\Users\우수컴\source\repos\hyunwoos-RenderEngine\hyunwoos-RenderEngine\hyunwoos-RenderEngine\MathModule\Color.h(177,89): warning C4244: 'initializing': conversion from 'DWORD' to 'float', possible loss of data
  (compiling source file 'AnimationModule/IK/CCD_IKSolver.cpp')
  
C:\Users\우수컴\source\repos\hyunwoos-RenderEngine\hyunwoos-RenderEngine\hyunwoos-RenderEngine\MathModule\Color.h(177,118): warning C4244: 'initializing': conversion from 'DWORD' to 'float', possible loss of data
  (compiling source file 'AnimationModule/IK/CCD_IKSolver.cpp')
  
C:\Users\우수컴\source\repos\hyunwoos-RenderEngine\hyunwoos-RenderEngine\hyunwoos-RenderEngine\AnimationModule\IK\CCD_IKSolver.cpp(65,25): warning C4018: '<': signed/unsigned mismatch
C:\Users\우수컴\source\repos\hyunwoos-RenderEngine\hyunwoos-RenderEngine\hyunwoos-RenderEngine\AnimationModule\IK\CCD_IKSolver.cpp(83,27): warning C4018: '<': signed/unsigned mismatch
  Generating code
  3 of 2509 functions ( 0.1%) were compiled, the rest were copied from previous compilation.
    0 functions were new in current compilation
    5 functions had inline decision re-evaluated but remain unchanged
  Finished generating code
  hyunwoos-RenderEngine.vcxproj -> C:\Users\우수컴\source\repos\hyunwoos-RenderEngine\hyunwoos-RenderEngine\x64\Release\hyunwoos-RenderEngine.exe
